Arguments: 
  /usr/local/bin/node /usr/local/Cellar/yarn/1.5.1_1/libexec/bin/yarn.js start

PATH: 
  /usr/local/bin:/usr/bin:/bin:/usr/sbin:/sbin

Yarn version: 
  1.5.1

Node version: 
  8.11.1

Platform: 
  darwin x64

npm manifest: 
  {
    "name": "react-fullstack-basic",
    "version": "1.0.0",
    "proxy": "https://api.yelp.com/v3/businesses/"
    "devDependencies": {
      "react-scripts": "1.1.3"
    },
    "dependencies": {
      "apollo-boost": "0.1.4",
      "auth0-js": "^9.4.2",
      "bootstrap": "4.0.0",
      "cors-anywhere": "^0.4.1",
      "fetch": "^1.1.0",
      "font-awesome": "4.7.0",
      "graphql": "0.13.2",
      "graphql-tag": "2.8.0",
      "mdbreact": "^4.2.0",
      "node-fetch": "^2.1.2",
      "react": "16.3.0",
      "react-apollo": "2.1.2",
      "react-dom": "16.3.0",
      "react-error-overlay": "4.0.0",
      "react-modal": "3.3.2",
      "react-router-dom": "4.2.2",
      "react-select": "^1.2.1",
      "tachyons": "4.9.1"
    },
    "scripts": {
      "start": "react-scripts start",
      "build": "react-scripts build",
      "test": "react-scripts test --env=jsdom",
      "eject": "react-scripts eject"
    }
  }

yarn manifest: 
  No manifest

Lockfile: 
  No lockfile

Trace: 
  SyntaxError: /Users/blumays/Projects/my-app/package.json: Unexpected string in JSON at position 110
      at JSON.parse (<anonymous>)
      at /usr/local/Cellar/yarn/1.5.1_1/libexec/lib/cli.js:1036:59
      at Generator.next (<anonymous>)
      at step (/usr/local/Cellar/yarn/1.5.1_1/libexec/lib/cli.js:98:30)
      at /usr/local/Cellar/yarn/1.5.1_1/libexec/lib/cli.js:109:13
      at <anonymous>
